<?xml version="1.0" encoding="UTF-8"?>
<!-- Generated by org.testng.reporters.JUnitReportReporter -->
<testsuite skipped="0" hostname="LAPTOP-C7BLUF9D" name="com.demo.testNG.Random.TestNGFlow" tests="3" failures="0" timestamp="23 Dec 2018 12:51:12 GMT" time="0.021" errors="0">
  <testcase name="testCase2" time="0.009" classname="com.demo.testNG.Random.TestNGFlow"/>
  <testcase name="testCase1" time="0.008" classname="com.demo.testNG.Random.TestNGFlow"/>
  <testcase name="testCase1" time="0.004" classname="com.demo.testNG.Random.TestNGFlow"/>
</testsuite> <!-- com.demo.testNG.Random.TestNGFlow -->
