<?xml version="1.0" encoding="UTF-8"?>
<!-- Generated by org.testng.reporters.JUnitReportReporter -->
<testsuite skipped="0" hostname="INDHYDELP029" name="com.demo.testNG.AssertVsVerify.AssertVsVerify" tests="1" failures="0" timestamp="11 Aug 2018 05:59:42 GMT" time="17.340" errors="0">
  <testcase name="testNG" time="17.340" classname="com.demo.testNG.AssertVsVerify.AssertVsVerify"/>
</testsuite> <!-- com.demo.testNG.AssertVsVerify.AssertVsVerify -->
