<?xml version="1.0" encoding="UTF-8"?>
<!-- Generated by org.testng.reporters.JUnitReportReporter -->
<testsuite skipped="0" hostname="LAPTOP-C7BLUF9D" name="com.demo.testNG.Random.TestNG" tests="1" failures="0" timestamp="23 Dec 2018 13:39:07 GMT" time="0.006" errors="0">
  <testcase name="method1" time="0.006" classname="com.demo.testNG.Random.TestNG"/>
</testsuite> <!-- com.demo.testNG.Random.TestNG -->
